<?xml version="1.0" encoding="UTF-8"?>
<!-- Generated by org.testng.reporters.JUnitXMLReporter -->
<testsuite ignored="0" hostname="LAPTOP-3MSUA5N1" failures="0" tests="3" name="Test1" time="92.864" errors="0" timestamp="2021-10-21T19:44:16 IST">
  <testcase classname="com.mindtree.runner.ElocalStore_Runner" name="titleCheck" time="0.277"/>
  <testcase classname="com.mindtree.runner.ElocalStore_Runner" name="Login" time="12.971"/>
  <testcase classname="com.mindtree.runner.ElocalStore_Runner" name="bookOrder" time="63.369"/>
</testsuite> <!-- Test1 -->
