<?xml version="1.0" encoding="UTF-8"?>
<!-- Generated by org.testng.reporters.JUnitXMLReporter -->
<testsuite ignored="0" hostname="LAPTOP-3MSUA5N1" failures="0" tests="3" name="Test1" time="163.565" errors="0" timestamp="2021-11-02T11:53:00 IST">
  <testcase classname="com.mindtree.runner.ElocalStore_Runner" name="titleCheck" time="0.59"/>
  <testcase classname="com.mindtree.runner.ElocalStore_Runner" name="Login" time="9.246"/>
  <testcase classname="com.mindtree.runner.ElocalStore_Runner" name="bookOrder" time="97.149"/>
</testsuite> <!-- Test1 -->
