<?xml version="1.0" encoding="UTF-8"?>
<!-- Generated by org.testng.reporters.JUnitXMLReporter -->
<testsuite ignored="0" hostname="LAPTOP-3MSUA5N1" failures="0" tests="3" name="Test1" time="90.217" errors="0" timestamp="2021-10-31T20:01:50 IST">
  <testcase classname="com.mindtree.runner.ElocalStore_Runner" name="titleCheck" time="0.368"/>
  <testcase classname="com.mindtree.runner.ElocalStore_Runner" name="Login" time="29.867"/>
  <testcase classname="com.mindtree.runner.ElocalStore_Runner" name="bookOrder" time="28.963"/>
</testsuite> <!-- Test1 -->
