<?xml version="1.0" encoding="UTF-8"?>
<testng-results ignored="0" total="3" passed="3" failed="0" skipped="0">
  <reporter-output>
  </reporter-output>
  <suite started-at="2021-10-31T20:00:20 IST" name="Suite" finished-at="2021-10-31T20:01:50 IST" duration-ms="90217">
    <groups>
    </groups>
    <test started-at="2021-10-31T20:00:20 IST" name="Test1" finished-at="2021-10-31T20:01:50 IST" duration-ms="90217">
      <class name="com.mindtree.runner.ElocalStore_Runner">
        <test-method is-config="true" signature="set()[pri:0, instance:com.mindtree.runner.ElocalStore_Runner@37f1104d]" started-at="2021-10-31T20:00:20 IST" name="set" finished-at="2021-10-31T20:00:48 IST" duration-ms="27618" status="PASS">
          <reporter-output>
          </reporter-output>
        </test-method> <!-- set -->
        <test-method signature="titleCheck()[pri:1, instance:com.mindtree.runner.ElocalStore_Runner@37f1104d]" started-at="2021-10-31T20:00:48 IST" name="titleCheck" finished-at="2021-10-31T20:00:48 IST" duration-ms="368" status="PASS">
          <reporter-output>
          </reporter-output>
        </test-method> <!-- titleCheck -->
        <test-method is-config="true" signature="meth()[pri:0, instance:com.mindtree.runner.ElocalStore_Runner@37f1104d]" started-at="2021-10-31T20:00:48 IST" name="meth" finished-at="2021-10-31T20:00:48 IST" duration-ms="2" status="PASS">
          <reporter-output>
          </reporter-output>
        </test-method> <!-- meth -->
        <test-method signature="Login(java.lang.String, java.lang.String)[pri:2, instance:com.mindtree.runner.ElocalStore_Runner@37f1104d]" started-at="2021-10-31T20:00:48 IST" name="Login" data-provider="data_values" finished-at="2021-10-31T20:01:18 IST" duration-ms="29867" status="PASS">
          <params>
            <param index="0">
              <value>
                <![CDATA[sedifek613@otozuz.com]]>
              </value>
            </param>
            <param index="1">
              <value>
                <![CDATA[book@123]]>
              </value>
            </param>
          </params>
          <reporter-output>
          </reporter-output>
        </test-method> <!-- Login -->
        <test-method is-config="true" signature="meth()[pri:0, instance:com.mindtree.runner.ElocalStore_Runner@37f1104d]" started-at="2021-10-31T20:01:18 IST" name="meth" finished-at="2021-10-31T20:01:18 IST" duration-ms="0" status="PASS">
          <reporter-output>
          </reporter-output>
        </test-method> <!-- meth -->
        <test-method signature="bookOrder()[pri:3, instance:com.mindtree.runner.ElocalStore_Runner@37f1104d]" started-at="2021-10-31T20:01:18 IST" name="bookOrder" finished-at="2021-10-31T20:01:47 IST" duration-ms="28963" status="PASS">
          <reporter-output>
          </reporter-output>
        </test-method> <!-- bookOrder -->
        <test-method is-config="true" signature="meth()[pri:0, instance:com.mindtree.runner.ElocalStore_Runner@37f1104d]" started-at="2021-10-31T20:01:47 IST" name="meth" finished-at="2021-10-31T20:01:47 IST" duration-ms="0" status="PASS">
          <reporter-output>
          </reporter-output>
        </test-method> <!-- meth -->
        <test-method is-config="true" signature="end()[pri:0, instance:com.mindtree.runner.ElocalStore_Runner@37f1104d]" started-at="2021-10-31T20:01:47 IST" name="end" finished-at="2021-10-31T20:01:50 IST" duration-ms="3360" status="PASS">
          <reporter-output>
          </reporter-output>
        </test-method> <!-- end -->
      </class> <!-- com.mindtree.runner.ElocalStore_Runner -->
    </test> <!-- Test1 -->
  </suite> <!-- Suite -->
</testng-results>
