<?xml version="1.0" encoding="UTF-8"?>
<testng-results ignored="0" total="1" passed="1" failed="0" skipped="0">
  <reporter-output>
  </reporter-output>
  <suite started-at="2021-10-31T19:54:37 IST" name="Default suite" finished-at="2021-10-31T19:55:15 IST" duration-ms="38226">
    <groups>
    </groups>
    <test started-at="2021-10-31T19:54:37 IST" name="Default test" finished-at="2021-10-31T19:55:15 IST" duration-ms="38226">
      <class name="com.mindtree.runner.ElocalStore_Runner">
        <test-method is-config="true" signature="set()[pri:0, instance:com.mindtree.runner.ElocalStore_Runner@12aba8be]" started-at="2021-10-31T19:54:37 IST" name="set" finished-at="2021-10-31T19:55:08 IST" duration-ms="31123" status="PASS">
          <reporter-output>
          </reporter-output>
        </test-method> <!-- set -->
        <test-method signature="titleCheck()[pri:1, instance:com.mindtree.runner.ElocalStore_Runner@12aba8be]" started-at="2021-10-31T19:55:08 IST" name="titleCheck" finished-at="2021-10-31T19:55:11 IST" duration-ms="3189" status="PASS">
          <reporter-output>
          </reporter-output>
        </test-method> <!-- titleCheck -->
        <test-method is-config="true" signature="meth()[pri:0, instance:com.mindtree.runner.ElocalStore_Runner@12aba8be]" started-at="2021-10-31T19:55:11 IST" name="meth" finished-at="2021-10-31T19:55:11 IST" duration-ms="2" status="PASS">
          <reporter-output>
          </reporter-output>
        </test-method> <!-- meth -->
        <test-method is-config="true" signature="end()[pri:0, instance:com.mindtree.runner.ElocalStore_Runner@12aba8be]" started-at="2021-10-31T19:55:11 IST" name="end" finished-at="2021-10-31T19:55:15 IST" duration-ms="3867" status="PASS">
          <reporter-output>
          </reporter-output>
        </test-method> <!-- end -->
      </class> <!-- com.mindtree.runner.ElocalStore_Runner -->
    </test> <!-- Default test -->
  </suite> <!-- Default suite -->
</testng-results>
